<?xml version="1.0" encoding="UTF-8"?>
<!-- Generated by org.testng.reporters.JUnitXMLReporter -->
<testsuite hostname="DESKTOP-FUE9VGK" ignored="0" name="Default test" tests="2" failures="0" timestamp="2022-09-25T16:21:49 GMT+02:00" time="2.484" errors="0">
  <testcase name="test_addVideoGame" time="2.389" classname="RestAssured.VideoGameProject.VGTestCases"/>
  <testcase name="test_deleteVideoGame" time="0.034" classname="RestAssured.VideoGameProject.VGTestCases"/>
</testsuite> <!-- Default test -->
