<?xml version="1.0" encoding="UTF-8"?>
<!-- Generated by org.testng.reporters.JUnitXMLReporter -->
<testsuite hostname="DESKTOP-FUE9VGK" ignored="0" name="Test" tests="5" failures="0" timestamp="2022-09-25T16:53:12 GMT+02:00" time="4.369" errors="0">
  <testcase name="test_getAllVideoGames" time="2.773" classname="RestAssured.VideoGameProject.VGTestCases"/>
  <testcase name="test_addVideoGame" time="0.524" classname="RestAssured.VideoGameProject.VGTestCases"/>
  <testcase name="test_getVideogame" time="0.868" classname="RestAssured.VideoGameProject.VGTestCases"/>
  <testcase name="test_updateVideoGame" time="0.08" classname="RestAssured.VideoGameProject.VGTestCases"/>
  <testcase name="test_deleteVideoGame" time="0.042" classname="RestAssured.VideoGameProject.VGTestCases"/>
</testsuite> <!-- Test -->
