<?xml version="1.0" encoding="UTF-8"?>
<testng-results skipped="0" failed="0" ignored="0" total="5" passed="5">
  <reporter-output>
  </reporter-output>
  <suite name="Suite" duration-ms="4230" started-at="2022-09-25T17:31:36 GMT+02:00" finished-at="2022-09-25T17:31:40 GMT+02:00">
    <groups>
    </groups>
    <test name="Test" duration-ms="4230" started-at="2022-09-25T17:31:36 GMT+02:00" finished-at="2022-09-25T17:31:40 GMT+02:00">
      <class name="RestAssured.VideoGameProject.VGTestCases">
        <test-method status="PASS" signature="test_getAllVideoGames()[pri:1, instance:RestAssured.VideoGameProject.VGTestCases@204f30ec]" name="test_getAllVideoGames" duration-ms="2655" started-at="2022-09-25T17:31:36 GMT+02:00" finished-at="2022-09-25T17:31:39 GMT+02:00">
          <reporter-output>
          </reporter-output>
        </test-method> <!-- test_getAllVideoGames -->
        <test-method status="PASS" signature="test_addVideoGame()[pri:2, instance:RestAssured.VideoGameProject.VGTestCases@204f30ec]" name="test_addVideoGame" duration-ms="641" started-at="2022-09-25T17:31:39 GMT+02:00" finished-at="2022-09-25T17:31:39 GMT+02:00">
          <reporter-output>
          </reporter-output>
        </test-method> <!-- test_addVideoGame -->
        <test-method status="PASS" signature="test_getVideogame()[pri:3, instance:RestAssured.VideoGameProject.VGTestCases@204f30ec]" name="test_getVideogame" duration-ms="781" started-at="2022-09-25T17:31:39 GMT+02:00" finished-at="2022-09-25T17:31:40 GMT+02:00">
          <reporter-output>
          </reporter-output>
        </test-method> <!-- test_getVideogame -->
        <test-method status="PASS" signature="test_updateVideoGame()[pri:4, instance:RestAssured.VideoGameProject.VGTestCases@204f30ec]" name="test_updateVideoGame" duration-ms="80" started-at="2022-09-25T17:31:40 GMT+02:00" finished-at="2022-09-25T17:31:40 GMT+02:00">
          <reporter-output>
          </reporter-output>
        </test-method> <!-- test_updateVideoGame -->
        <test-method status="PASS" signature="test_deleteVideoGame()[pri:5, instance:RestAssured.VideoGameProject.VGTestCases@204f30ec]" name="test_deleteVideoGame" duration-ms="27" started-at="2022-09-25T17:31:40 GMT+02:00" finished-at="2022-09-25T17:31:40 GMT+02:00">
          <reporter-output>
          </reporter-output>
        </test-method> <!-- test_deleteVideoGame -->
      </class> <!-- RestAssured.VideoGameProject.VGTestCases -->
    </test> <!-- Test -->
  </suite> <!-- Suite -->
</testng-results>
