<?xml version="1.0" encoding="UTF-8"?>
<testsuite xmlns:xsi="http://www.w3.org/2001/XMLSchema-instance" xsi:noNamespaceSchemaLocation="https://maven.apache.org/surefire/maven-surefire-plugin/xsd/surefire-test-report.xsd" name="TestSuite" time="5.287" tests="5" errors="0" skipped="0" failures="0">
  <properties>
[...]
</properties>
  <testcase name="test_getAllVideoGames" classname="RestAssured.VideoGameProject.VGTestCases" time="3.078"/>
  <testcase name="test_addVideoGame" classname="RestAssured.VideoGameProject.VGTestCases" time="0.243"/>
  <testcase name="test_getVideogame" classname="RestAssured.VideoGameProject.VGTestCases" time="0.759"/>
  <testcase name="test_updateVideoGame" classname="RestAssured.VideoGameProject.VGTestCases" time="0.093"/>
  <testcase name="test_deleteVideoGame" classname="RestAssured.VideoGameProject.VGTestCases" time="0.018"/>
</testsuite>